#
# There is insufficient memory for the Java Runtime Environment to continue.
# Native memory allocation (mmap) failed to map 1048576 bytes for Failed to commit area from 0x000000008b200000 to 0x000000008b300000 of length 1048576.
# Possible reasons:
#   The system is out of physical RAM or swap space
#   The process is running with CompressedOops enabled, and the Java Heap may be blocking the growth of the native heap
# Possible solutions:
#   Reduce memory load on the system
#   Increase physical memory or swap space
#   Check if swap backing store is full
#   Decrease Java heap size (-Xmx/-Xms)
#   Decrease number of Java threads
#   Decrease Java thread stack sizes (-Xss)
#   Set larger code cache with -XX:ReservedCodeCacheSize=
#   JVM is running with Unscaled Compressed Oops mode in which the Java heap is
#     placed in the first 4GB address space. The Java Heap base address is the
#     maximum limit for the native heap growth. Please use -XX:HeapBaseMinAddress
#     to set the Java Heap base and to place the Java Heap above 4GB virtual address.
# This output file may be truncated or incomplete.
#
#  Out of Memory Error (./src/hotspot/os/windows/os_windows.cpp:3386), pid=10564, tid=5744
#
# JRE version: OpenJDK Runtime Environment Corretto-11.0.17.8.1 (11.0.17+8) (build 11.0.17+8-LTS)
# Java VM: OpenJDK 64-Bit Server VM Corretto-11.0.17.8.1 (11.0.17+8-LTS, mixed mode, tiered, compressed oops, g1 gc, windows-amd64)
# No core dump will be written. Minidumps are not enabled by default on client versions of Windows
#

---------------  S U M M A R Y ------------

Command Line: -Dmaven.multiModuleProjectDirectory=E:\project files\Maven Backend\course14\s1\demopc -Dmaven.home=C:\Users\HP\.m2\wrapper\dists\apache-maven-3.8.6-bin\1ks0nkde5v1pk9vtc31i9d0lcd\apache-maven-3.8.6 -Dclassworlds.conf=C:\Users\HP\.m2\wrapper\dists\apache-maven-3.8.6-bin\1ks0nkde5v1pk9vtc31i9d0lcd\apache-maven-3.8.6\bin\m2.conf -Dmaven.ext.class.path=C:\Users\HP\AppData\Local\JetBrains\Toolbox\apps\IDEA-C\ch-0\222.4345.14\plugins\maven\lib\maven-event-listener.jar -javaagent:C:\Users\HP\AppData\Local\JetBrains\Toolbox\apps\IDEA-C\ch-0\222.4345.14\lib\idea_rt.jar=44422:C:\Users\HP\AppData\Local\JetBrains\Toolbox\apps\IDEA-C\ch-0\222.4345.14\bin -Dfile.encoding=UTF-8 org.codehaus.classworlds.Launcher -Didea.version=2022.2.3 compile

Host: Intel(R) Core(TM) i5-6300U CPU @ 2.40GHz, 4 cores, 7G,  Windows 10 , 64 bit Build 19041 (10.0.19041.2251)
Time: Thu Nov 17 20:57:44 2022 India Standard Time elapsed time: 27.878402 seconds (0d 0h 0m 27s)

---------------  T H R E A D  ---------------

Current thread (0x000001ab2046f000):  GCTaskThread "GC Thread#2" [stack: 0x00000058cdf00000,0x00000058ce000000] [id=5744]

Stack: [0x00000058cdf00000,0x00000058ce000000]
[error occurred during error reporting (printing stack bounds), id 0xc0000005, EXCEPTION_ACCESS_VIOLATION (0xc0000005) at pc=0x000001ab087c112d]

Native frames: (J=compiled Java code, j=interpreted, Vv=VM code, C=native code)
V  [jvm.dll+0x61f66a]
V  [jvm.dll+0x7ac889]
V  [jvm.dll+0x7adf78]
V  [jvm.dll+0x7ae5b5]
V  [jvm.dll+0x7ae56b]
V  [jvm.dll+0x61e9f7]
V  [jvm.dll+0x61f108]
C  [ntdll.dll+0xa241f]
C  [ntdll.dll+0x514a4]
C  [ntdll.dll+0xa0f4e]
C  0x000001ab087c112d


---------------  P R O C E S S  ---------------

Threads class SMR info:
_java_thread_list=0x000001ab1fb5e970, length=11, elements={
0x000001ab0001a800, 0x000001ab1ef58800, 0x000001ab1ef5a000, 0x000001ab1f8f2800,
0x000001ab1ef6f800, 0x000001ab1ef71000, 0x000001ab1ef74000, 0x000001ab1ef9e000,
0x000001ab1f93a800, 0x000001ab1fa37000, 0x000001ab1fbbc000
}

Java Threads: ( => current thread )
  0x000001ab0001a800 JavaThread "main" [_thread_blocked, id=2344, stack(0x00000058ccc00000,0x00000058ccd00000)]
  0x000001ab1ef58800 JavaThread "Reference Handler" daemon [_thread_blocked, id=1076, stack(0x00000058cd300000,0x00000058cd400000)]
  0x000001ab1ef5a000 JavaThread "Finalizer" daemon [_thread_blocked, id=4740, stack(0x00000058cd400000,0x00000058cd500000)]
  0x000001ab1f8f2800 JavaThread "Signal Dispatcher" daemon [_thread_blocked, id=3716, stack(0x00000058cd500000,0x00000058cd600000)]
  0x000001ab1ef6f800 JavaThread "Attach Listener" daemon [_thread_blocked, id=11900, stack(0x00000058cd600000,0x00000058cd700000)]
  0x000001ab1ef71000 JavaThread "Service Thread" daemon [_thread_blocked, id=17032, stack(0x00000058cd700000,0x00000058cd800000)]
  0x000001ab1ef74000 JavaThread "C2 CompilerThread0" daemon [_thread_blocked, id=11312, stack(0x00000058cd800000,0x00000058cd900000)]
  0x000001ab1ef9e000 JavaThread "C1 CompilerThread0" daemon [_thread_blocked, id=15256, stack(0x00000058cd900000,0x00000058cda00000)]
  0x000001ab1f93a800 JavaThread "Sweeper thread" daemon [_thread_blocked, id=6408, stack(0x00000058cda00000,0x00000058cdb00000)]
  0x000001ab1fa37000 JavaThread "Common-Cleaner" daemon [_thread_blocked, id=9544, stack(0x00000058cdb00000,0x00000058cdc00000)]
  0x000001ab1fbbc000 JavaThread "Monitor Ctrl-Break" daemon [_thread_in_native, id=17132, stack(0x00000058cdc00000,0x00000058cdd00000)]

Other Threads:
  0x000001ab1ef32800 VMThread "VM Thread" [stack: 0x00000058cd200000,0x00000058cd300000] [id=2408]
  0x000001ab1fbbd000 WatcherThread [stack: 0x00000058cdd00000,0x00000058cde00000] [id=240]
  0x000001ab00032000 GCTaskThread "GC Thread#0" [stack: 0x00000058ccd00000,0x00000058cce00000] [id=5532]
  0x000001ab2049f800 GCTaskThread "GC Thread#1" [stack: 0x00000058cde00000,0x00000058cdf00000] [id=15948]
=>0x000001ab2046f000 GCTaskThread "GC Thread#2" [stack: 0x00000058cdf00000,0x00000058ce000000] [id=5744]
  0x000001ab00062000 ConcurrentGCThread "G1 Main Marker" [stack: 0x00000058cce00000,0x00000058ccf00000] [id=14252]
  0x000001ab00063800 ConcurrentGCThread "G1 Conc#0" [stack: 0x00000058ccf00000,0x00000058cd000000] [id=13116]
  0x000001ab000f6000 ConcurrentGCThread "G1 Refine#0" [stack: 0x00000058cd000000,0x00000058cd100000] [id=13840]
  0x000001ab000f7800 ConcurrentGCThread "G1 Young RemSet Sampling" [stack: 0x00000058cd100000,0x00000058cd200000] [id=16680]

Threads with active compile tasks:
C2 CompilerThread0    27944 4965 %     4       sun.nio.fs.WindowsPathParser::normalize @ 18 (233 bytes)

VM state:at safepoint (normal execution)

VM Mutex/Monitor currently owned by a thread:  ([mutex/lock_event])
[0x000001ab00015eb0] FreeList_lock - owner thread: 0x000001ab2046f000
[0x000001ab00016bf0] Threads_lock - owner thread: 0x000001ab1ef32800
[0x000001ab00017bb0] Heap_lock - owner thread: 0x000001ab0001a800

Heap address: 0x0000000081c00000, size: 2020 MB, Compressed Oops mode: 32-bit
Narrow klass base: 0x0000000000000000, Narrow klass shift: 3
Compressed class space size: 1073741824 Address: 0x0000000100000000

Heap:
 garbage-first heap   total 154624K, used 129977K [0x0000000081c00000, 0x0000000100000000)
  region size 1024K, 74 young (75776K), 10 survivors (10240K)
 Metaspace       used 32099K, capacity 32711K, committed 32944K, reserved 1079296K
  class space    used 3346K, capacity 3565K, committed 3584K, reserved 1048576K
Heap Regions: E=young(eden), S=young(survivor), O=old, HS=humongous(starts), HC=humongous(continues), CS=collection set, F=free, A=archive, TAMS=top-at-mark-start (previous, next)
|   0|0x0000000081c00000, 0x0000000081d00000, 0x0000000081d00000|100%| O|  |TAMS 0x0000000081d00000, 0x0000000081c00000| Untracked 
|   1|0x0000000081d00000, 0x0000000081e00000, 0x0000000081e00000|100%| O|  |TAMS 0x0000000081e00000, 0x0000000081d00000| Untracked 
|   2|0x0000000081e00000, 0x0000000081f00000, 0x0000000081f00000|100%| O|  |TAMS 0x0000000081f00000, 0x0000000081e00000| Untracked 
|   3|0x0000000081f00000, 0x0000000082000000, 0x0000000082000000|100%| O|  |TAMS 0x0000000081f4ae00, 0x0000000081f00000| Untracked 
|   4|0x0000000082000000, 0x0000000082100000, 0x0000000082100000|100%|HS|  |TAMS 0x0000000082000000, 0x0000000082000000| Complete 
|   5|0x0000000082100000, 0x0000000082200000, 0x0000000082200000|100%|HC|  |TAMS 0x0000000082100000, 0x0000000082100000| Complete 
|   6|0x0000000082200000, 0x0000000082300000, 0x0000000082300000|100%|HC|  |TAMS 0x0000000082200000, 0x0000000082200000| Complete 
|   7|0x0000000082300000, 0x0000000082400000, 0x0000000082400000|100%|HC|  |TAMS 0x0000000082300000, 0x0000000082300000| Complete 
|   8|0x0000000082400000, 0x0000000082500000, 0x0000000082500000|100%|HC|  |TAMS 0x0000000082400000, 0x0000000082400000| Complete 
|   9|0x0000000082500000, 0x0000000082600000, 0x0000000082600000|100%|HC|  |TAMS 0x0000000082500000, 0x0000000082500000| Complete 
|  10|0x0000000082600000, 0x0000000082700000, 0x0000000082700000|100%|HC|  |TAMS 0x0000000082600000, 0x0000000082600000| Complete 
|  11|0x0000000082700000, 0x0000000082800000, 0x0000000082800000|100%|HC|  |TAMS 0x0000000082700000, 0x0000000082700000| Complete 
|  12|0x0000000082800000, 0x0000000082900000, 0x0000000082900000|100%|HS|  |TAMS 0x0000000082800000, 0x0000000082800000| Complete 
|  13|0x0000000082900000, 0x0000000082a00000, 0x0000000082a00000|100%|HC|  |TAMS 0x0000000082900000, 0x0000000082900000| Complete 
|  14|0x0000000082a00000, 0x0000000082b00000, 0x0000000082b00000|100%|HC|  |TAMS 0x0000000082a00000, 0x0000000082a00000| Complete 
|  15|0x0000000082b00000, 0x0000000082c00000, 0x0000000082c00000|100%|HC|  |TAMS 0x0000000082b00000, 0x0000000082b00000| Complete 
|  16|0x0000000082c00000, 0x0000000082d00000, 0x0000000082d00000|100%|HC|  |TAMS 0x0000000082c00000, 0x0000000082c00000| Complete 
|  17|0x0000000082d00000, 0x0000000082e00000, 0x0000000082e00000|100%|HC|  |TAMS 0x0000000082d00000, 0x0000000082d00000| Complete 
|  18|0x0000000082e00000, 0x0000000082f00000, 0x0000000082f00000|100%|HC|  |TAMS 0x0000000082e00000, 0x0000000082e00000| Complete 
|  19|0x0000000082f00000, 0x0000000083000000, 0x0000000083000000|100%|HC|  |TAMS 0x0000000082f00000, 0x0000000082f00000| Complete 
|  20|0x0000000083000000, 0x0000000083100000, 0x0000000083100000|100%|HC|  |TAMS 0x0000000083000000, 0x0000000083000000| Complete 
|  21|0x0000000083100000, 0x0000000083200000, 0x0000000083200000|100%|HC|  |TAMS 0x0000000083100000, 0x0000000083100000| Complete 
|  22|0x0000000083200000, 0x0000000083300000, 0x0000000083300000|100%|HC|  |TAMS 0x0000000083200000, 0x0000000083200000| Complete 
|  23|0x0000000083300000, 0x0000000083400000, 0x0000000083400000|100%|HC|  |TAMS 0x0000000083300000, 0x0000000083300000| Complete 
|  24|0x0000000083400000, 0x0000000083500000, 0x0000000083500000|100%|HS|  |TAMS 0x0000000083400000, 0x0000000083400000| Complete 
|  25|0x0000000083500000, 0x0000000083600000, 0x0000000083600000|100%|HC|  |TAMS 0x0000000083500000, 0x0000000083500000| Complete 
|  26|0x0000000083600000, 0x0000000083700000, 0x0000000083700000|100%|HC|  |TAMS 0x0000000083600000, 0x0000000083600000| Complete 
|  27|0x0000000083700000, 0x0000000083800000, 0x0000000083800000|100%|HC|  |TAMS 0x0000000083700000, 0x0000000083700000| Complete 
|  28|0x0000000083800000, 0x0000000083900000, 0x0000000083900000|100%|HC|  |TAMS 0x0000000083800000, 0x0000000083800000| Complete 
|  29|0x0000000083900000, 0x0000000083a00000, 0x0000000083a00000|100%|HC|  |TAMS 0x0000000083900000, 0x0000000083900000| Complete 
|  30|0x0000000083a00000, 0x0000000083b00000, 0x0000000083b00000|100%|HC|  |TAMS 0x0000000083a00000, 0x0000000083a00000| Complete 
|  31|0x0000000083b00000, 0x0000000083c00000, 0x0000000083c00000|100%|HC|  |TAMS 0x0000000083b00000, 0x0000000083b00000| Complete 
|  32|0x0000000083c00000, 0x0000000083d00000, 0x0000000083d00000|100%|HC|  |TAMS 0x0000000083c00000, 0x0000000083c00000| Complete 
|  33|0x0000000083d00000, 0x0000000083e00000, 0x0000000083e00000|100%|HC|  |TAMS 0x0000000083d00000, 0x0000000083d00000| Complete 
|  34|0x0000000083e00000, 0x0000000083f00000, 0x0000000083f00000|100%|HC|  |TAMS 0x0000000083e00000, 0x0000000083e00000| Complete 
|  35|0x0000000083f00000, 0x0000000084000000, 0x0000000084000000|100%|HC|  |TAMS 0x0000000083f00000, 0x0000000083f00000| Complete 
|  36|0x0000000084000000, 0x0000000084100000, 0x0000000084100000|100%|HS|  |TAMS 0x0000000084000000, 0x0000000084000000| Complete 
|  37|0x0000000084100000, 0x0000000084200000, 0x0000000084200000|100%|HS|  |TAMS 0x0000000084100000, 0x0000000084100000| Complete 
|  38|0x0000000084200000, 0x0000000084300000, 0x0000000084300000|100%|HS|  |TAMS 0x0000000084200000, 0x0000000084200000| Complete 
|  39|0x0000000084300000, 0x0000000084400000, 0x0000000084400000|100%| E|CS|TAMS 0x0000000084300000, 0x0000000084300000| Complete 
|  40|0x0000000084400000, 0x0000000084500000, 0x0000000084500000|100%| E|CS|TAMS 0x0000000084400000, 0x0000000084400000| Complete 
|  41|0x0000000084500000, 0x0000000084600000, 0x0000000084600000|100%| E|CS|TAMS 0x0000000084500000, 0x0000000084500000| Complete 
|  42|0x0000000084600000, 0x0000000084700000, 0x0000000084700000|100%| E|CS|TAMS 0x0000000084600000, 0x0000000084600000| Complete 
|  43|0x0000000084700000, 0x00000000847a3710, 0x0000000084800000| 63%| E|CS|TAMS 0x0000000084700000, 0x0000000084700000| Complete 
|  44|0x0000000084800000, 0x0000000084900000, 0x0000000084900000|100%| E|CS|TAMS 0x0000000084800000, 0x0000000084800000| Complete 
|  45|0x0000000084900000, 0x0000000084a00000, 0x0000000084a00000|100%| E|CS|TAMS 0x0000000084900000, 0x0000000084900000| Complete 
|  46|0x0000000084a00000, 0x0000000084b00000, 0x0000000084b00000|100%| E|CS|TAMS 0x0000000084a00000, 0x0000000084a00000| Complete 
|  47|0x0000000084b00000, 0x0000000084c00000, 0x0000000084c00000|100%| E|CS|TAMS 0x0000000084b00000, 0x0000000084b00000| Complete 
|  48|0x0000000084c00000, 0x0000000084d00000, 0x0000000084d00000|100%| E|CS|TAMS 0x0000000084c00000, 0x0000000084c00000| Complete 
|  49|0x0000000084d00000, 0x0000000084e00000, 0x0000000084e00000|100%| E|CS|TAMS 0x0000000084d00000, 0x0000000084d00000| Complete 
|  50|0x0000000084e00000, 0x0000000084f00000, 0x0000000084f00000|100%| E|CS|TAMS 0x0000000084e00000, 0x0000000084e00000| Complete 
|  51|0x0000000084f00000, 0x0000000085000000, 0x0000000085000000|100%| E|CS|TAMS 0x0000000084f00000, 0x0000000084f00000| Complete 
|  52|0x0000000085000000, 0x0000000085100000, 0x0000000085100000|100%|HS|  |TAMS 0x0000000085000000, 0x0000000085000000| Complete 
|  53|0x0000000085100000, 0x0000000085200000, 0x0000000085200000|100%|HC|  |TAMS 0x0000000085100000, 0x0000000085100000| Complete 
|  54|0x0000000085200000, 0x0000000085300000, 0x0000000085300000|100%|HC|  |TAMS 0x0000000085200000, 0x0000000085200000| Complete 
|  55|0x0000000085300000, 0x0000000085400000, 0x0000000085400000|100%|HC|  |TAMS 0x0000000085300000, 0x0000000085300000| Complete 
|  56|0x0000000085400000, 0x0000000085500000, 0x0000000085500000|100%|HC|  |TAMS 0x0000000085400000, 0x0000000085400000| Complete 
|  57|0x0000000085500000, 0x0000000085600000, 0x0000000085600000|100%|HC|  |TAMS 0x0000000085500000, 0x0000000085500000| Complete 
|  58|0x0000000085600000, 0x0000000085700000, 0x0000000085700000|100%|HC|  |TAMS 0x0000000085600000, 0x0000000085600000| Complete 
|  59|0x0000000085700000, 0x0000000085800000, 0x0000000085800000|100%|HC|  |TAMS 0x0000000085700000, 0x0000000085700000| Complete 
|  60|0x0000000085800000, 0x0000000085900000, 0x0000000085900000|100%|HS|  |TAMS 0x0000000085800000, 0x0000000085800000| Complete 
|  61|0x0000000085900000, 0x0000000085a00000, 0x0000000085a00000|100%|HC|  |TAMS 0x0000000085900000, 0x0000000085900000| Complete 
|  62|0x0000000085a00000, 0x0000000085b00000, 0x0000000085b00000|100%|HC|  |TAMS 0x0000000085a00000, 0x0000000085a00000| Complete 
|  63|0x0000000085b00000, 0x0000000085c00000, 0x0000000085c00000|100%|HC|  |TAMS 0x0000000085b00000, 0x0000000085b00000| Complete 
|  64|0x0000000085c00000, 0x0000000085d00000, 0x0000000085d00000|100%|HC|  |TAMS 0x0000000085c00000, 0x0000000085c00000| Complete 
|  65|0x0000000085d00000, 0x0000000085e00000, 0x0000000085e00000|100%|HC|  |TAMS 0x0000000085d00000, 0x0000000085d00000| Complete 
|  66|0x0000000085e00000, 0x0000000085f00000, 0x0000000085f00000|100%|HC|  |TAMS 0x0000000085e00000, 0x0000000085e00000| Complete 
|  67|0x0000000085f00000, 0x0000000086000000, 0x0000000086000000|100%|HC|  |TAMS 0x0000000085f00000, 0x0000000085f00000| Complete 
|  68|0x0000000086000000, 0x0000000086100000, 0x0000000086100000|100%| E|CS|TAMS 0x0000000086000000, 0x0000000086000000| Complete 
|  69|0x0000000086100000, 0x0000000086200000, 0x0000000086200000|100%| E|CS|TAMS 0x0000000086100000, 0x0000000086100000| Complete 
|  70|0x0000000086200000, 0x0000000086300000, 0x0000000086300000|100%| E|CS|TAMS 0x0000000086200000, 0x0000000086200000| Complete 
|  71|0x0000000086300000, 0x0000000086400000, 0x0000000086400000|100%| E|CS|TAMS 0x0000000086300000, 0x0000000086300000| Complete 
|  72|0x0000000086400000, 0x0000000086500000, 0x0000000086500000|100%| E|CS|TAMS 0x0000000086400000, 0x0000000086400000| Complete 
|  73|0x0000000086500000, 0x0000000086600000, 0x0000000086600000|100%| E|CS|TAMS 0x0000000086500000, 0x0000000086500000| Complete 
|  74|0x0000000086600000, 0x0000000086700000, 0x0000000086700000|100%| E|CS|TAMS 0x0000000086600000, 0x0000000086600000| Complete 
|  75|0x0000000086700000, 0x0000000086800000, 0x0000000086800000|100%| E|CS|TAMS 0x0000000086700000, 0x0000000086700000| Complete 
|  76|0x0000000086800000, 0x0000000086900000, 0x0000000086900000|100%| E|CS|TAMS 0x0000000086800000, 0x0000000086800000| Complete 
|  77|0x0000000086900000, 0x0000000086a00000, 0x0000000086a00000|100%| E|CS|TAMS 0x0000000086900000, 0x0000000086900000| Complete 
|  78|0x0000000086a00000, 0x0000000086b00000, 0x0000000086b00000|100%| E|CS|TAMS 0x0000000086a00000, 0x0000000086a00000| Complete 
|  79|0x0000000086b00000, 0x0000000086c00000, 0x0000000086c00000|100%| E|CS|TAMS 0x0000000086b00000, 0x0000000086b00000| Complete 
|  80|0x0000000086c00000, 0x0000000086d00000, 0x0000000086d00000|100%| E|CS|TAMS 0x0000000086c00000, 0x0000000086c00000| Complete 
|  81|0x0000000086d00000, 0x0000000086e00000, 0x0000000086e00000|100%| E|CS|TAMS 0x0000000086d00000, 0x0000000086d00000| Complete 
|  82|0x0000000086e00000, 0x0000000086f00000, 0x0000000086f00000|100%| E|CS|TAMS 0x0000000086e00000, 0x0000000086e00000| Complete 
|  83|0x0000000086f00000, 0x0000000087000000, 0x0000000087000000|100%| E|CS|TAMS 0x0000000086f00000, 0x0000000086f00000| Complete 
|  84|0x0000000087000000, 0x0000000087100000, 0x0000000087100000|100%| E|CS|TAMS 0x0000000087000000, 0x0000000087000000| Complete 
|  85|0x0000000087100000, 0x0000000087200000, 0x0000000087200000|100%| E|CS|TAMS 0x0000000087100000, 0x0000000087100000| Complete 
|  86|0x0000000087200000, 0x0000000087300000, 0x0000000087300000|100%| E|CS|TAMS 0x0000000087200000, 0x0000000087200000| Complete 
|  87|0x0000000087300000, 0x0000000087400000, 0x0000000087400000|100%| E|CS|TAMS 0x0000000087300000, 0x0000000087300000| Complete 
|  88|0x0000000087400000, 0x0000000087500000, 0x0000000087500000|100%| E|CS|TAMS 0x0000000087400000, 0x0000000087400000| Complete 
|  89|0x0000000087500000, 0x0000000087600000, 0x0000000087600000|100%| E|CS|TAMS 0x0000000087500000, 0x0000000087500000| Complete 
|  90|0x0000000087600000, 0x0000000087700000, 0x0000000087700000|100%| E|CS|TAMS 0x0000000087600000, 0x0000000087600000| Complete 
|  91|0x0000000087700000, 0x0000000087800000, 0x0000000087800000|100%| E|CS|TAMS 0x0000000087700000, 0x0000000087700000| Complete 
|  92|0x0000000087800000, 0x0000000087900000, 0x0000000087900000|100%| E|CS|TAMS 0x0000000087800000, 0x0000000087800000| Complete 
|  93|0x0000000087900000, 0x0000000087a00000, 0x0000000087a00000|100%| E|CS|TAMS 0x0000000087900000, 0x0000000087900000| Complete 
|  94|0x0000000087a00000, 0x0000000087b00000, 0x0000000087b00000|100%| E|CS|TAMS 0x0000000087a00000, 0x0000000087a00000| Complete 
|  95|0x0000000087b00000, 0x0000000087c00000, 0x0000000087c00000|100%| E|CS|TAMS 0x0000000087b00000, 0x0000000087b00000| Complete 
|  96|0x0000000087c00000, 0x0000000087d00000, 0x0000000087d00000|100%| E|CS|TAMS 0x0000000087c00000, 0x0000000087c00000| Complete 
|  97|0x0000000087d00000, 0x0000000087e00000, 0x0000000087e00000|100%| E|CS|TAMS 0x0000000087d00000, 0x0000000087d00000| Complete 
|  98|0x0000000087e00000, 0x0000000087f00000, 0x0000000087f00000|100%| E|CS|TAMS 0x0000000087e00000, 0x0000000087e00000| Complete 
|  99|0x0000000087f00000, 0x0000000088000000, 0x0000000088000000|100%| E|CS|TAMS 0x0000000087f00000, 0x0000000087f00000| Complete 
| 100|0x0000000088000000, 0x0000000088100000, 0x0000000088100000|100%| E|CS|TAMS 0x0000000088000000, 0x0000000088000000| Complete 
| 101|0x0000000088100000, 0x0000000088200000, 0x0000000088200000|100%| E|CS|TAMS 0x0000000088100000, 0x0000000088100000| Complete 
| 102|0x0000000088200000, 0x0000000088300000, 0x0000000088300000|100%| E|CS|TAMS 0x0000000088200000, 0x0000000088200000| Complete 
| 103|0x0000000088300000, 0x0000000088400000, 0x0000000088400000|100%| E|CS|TAMS 0x0000000088300000, 0x0000000088300000| Complete 
| 104|0x0000000088400000, 0x0000000088500000, 0x0000000088500000|100%| E|CS|TAMS 0x0000000088400000, 0x0000000088400000| Complete 
| 105|0x0000000088500000, 0x0000000088600000, 0x0000000088600000|100%| E|CS|TAMS 0x0000000088500000, 0x0000000088500000| Complete 
| 106|0x0000000088600000, 0x0000000088700000, 0x0000000088700000|100%| E|CS|TAMS 0x0000000088600000, 0x0000000088600000| Complete 
| 107|0x0000000088700000, 0x0000000088800000, 0x0000000088800000|100%| E|CS|TAMS 0x0000000088700000, 0x0000000088700000| Complete 
| 108|0x0000000088800000, 0x0000000088900000, 0x0000000088900000|100%| E|CS|TAMS 0x0000000088800000, 0x0000000088800000| Complete 
| 109|0x0000000088900000, 0x0000000088a00000, 0x0000000088a00000|100%| E|CS|TAMS 0x0000000088900000, 0x0000000088900000| Complete 
| 110|0x0000000088a00000, 0x0000000088b00000, 0x0000000088b00000|100%| E|CS|TAMS 0x0000000088a00000, 0x0000000088a00000| Complete 
| 111|0x0000000088b00000, 0x0000000088c00000, 0x0000000088c00000|100%| E|CS|TAMS 0x0000000088b00000, 0x0000000088b00000| Complete 
| 112|0x0000000088c00000, 0x0000000088d00000, 0x0000000088d00000|100%| E|CS|TAMS 0x0000000088c00000, 0x0000000088c00000| Complete 
| 113|0x0000000088d00000, 0x0000000088e00000, 0x0000000088e00000|100%| E|CS|TAMS 0x0000000088d00000, 0x0000000088d00000| Complete 
| 114|0x0000000088e00000, 0x0000000088f00000, 0x0000000088f00000|100%| E|CS|TAMS 0x0000000088e00000, 0x0000000088e00000| Complete 
| 115|0x0000000088f00000, 0x0000000089000000, 0x0000000089000000|100%| E|CS|TAMS 0x0000000088f00000, 0x0000000088f00000| Complete 
| 116|0x0000000089000000, 0x0000000089100000, 0x0000000089100000|100%| E|CS|TAMS 0x0000000089000000, 0x0000000089000000| Complete 
| 117|0x0000000089100000, 0x0000000089200000, 0x0000000089200000|100%| E|CS|TAMS 0x0000000089100000, 0x0000000089100000| Complete 
| 118|0x0000000089200000, 0x0000000089300000, 0x0000000089300000|100%| E|CS|TAMS 0x0000000089200000, 0x0000000089200000| Complete 
| 119|0x0000000089300000, 0x0000000089400000, 0x0000000089400000|100%| E|CS|TAMS 0x0000000089300000, 0x0000000089300000| Complete 
| 120|0x0000000089400000, 0x0000000089500000, 0x0000000089500000|100%| E|CS|TAMS 0x0000000089400000, 0x0000000089400000| Complete 
| 121|0x0000000089500000, 0x0000000089600000, 0x0000000089600000|100%| E|CS|TAMS 0x0000000089500000, 0x0000000089500000| Complete 
| 122|0x0000000089600000, 0x0000000089700000, 0x0000000089700000|100%| E|CS|TAMS 0x0000000089600000, 0x0000000089600000| Complete 
| 123|0x0000000089700000, 0x0000000089800000, 0x0000000089800000|100%| E|CS|TAMS 0x0000000089700000, 0x0000000089700000| Complete 
| 124|0x0000000089800000, 0x0000000089900000, 0x0000000089900000|100%| E|CS|TAMS 0x0000000089800000, 0x0000000089800000| Complete 
| 125|0x0000000089900000, 0x0000000089a00000, 0x0000000089a00000|100%| E|CS|TAMS 0x0000000089900000, 0x0000000089900000| Complete 
| 126|0x0000000089a00000, 0x0000000089b00000, 0x0000000089b00000|100%| E|CS|TAMS 0x0000000089a00000, 0x0000000089a00000| Complete 
| 127|0x0000000089b00000, 0x0000000089c00000, 0x0000000089c00000|100%| E|CS|TAMS 0x0000000089b00000, 0x0000000089b00000| Complete 
| 128|0x0000000089c00000, 0x0000000089d00000, 0x0000000089d00000|100%| S|  |TAMS 0x0000000089c00000, 0x0000000089c00000| Complete 
| 129|0x0000000089d00000, 0x0000000089e00000, 0x0000000089e00000|100%| S|  |TAMS 0x0000000089d00000, 0x0000000089d00000| Complete 
| 130|0x0000000089e00000, 0x0000000089f00000, 0x0000000089f00000|100%| S|  |TAMS 0x0000000089e00000, 0x0000000089e00000| Complete 
| 131|0x0000000089f00000, 0x000000008a000000, 0x000000008a000000|100%| S|  |TAMS 0x0000000089f00000, 0x0000000089f00000| Complete 
| 132|0x000000008a000000, 0x000000008a100000, 0x000000008a100000|100%| S|  |TAMS 0x000000008a000000, 0x000000008a000000| Complete 
| 133|0x000000008a100000, 0x000000008a200000, 0x000000008a200000|100%| S|  |TAMS 0x000000008a100000, 0x000000008a100000| Complete 
| 134|0x000000008a200000, 0x000000008a300000, 0x000000008a300000|100%| S|  |TAMS 0x000000008a200000, 0x000000008a200000| Complete 
| 135|0x000000008a300000, 0x000000008a400000, 0x000000008a400000|100%| S|  |TAMS 0x000000008a300000, 0x000000008a300000| Complete 
| 136|0x000000008a400000, 0x000000008a500000, 0x000000008a500000|100%| O|  |TAMS 0x000000008a400000, 0x000000008a400000| Untracked 
| 137|0x000000008a500000, 0x000000008a600000, 0x000000008a600000|100%| S|  |TAMS 0x000000008a500000, 0x000000008a500000| Complete 
| 138|0x000000008a600000, 0x000000008a700000, 0x000000008a700000|100%| S|  |TAMS 0x000000008a600000, 0x000000008a600000| Complete 
| 139|0x000000008a700000, 0x000000008a800000, 0x000000008a800000|100%| O|  |TAMS 0x000000008a700000, 0x000000008a700000| Untracked 
| 140|0x000000008a800000, 0x000000008a900000, 0x000000008a900000|100%| O|  |TAMS 0x000000008a800000, 0x000000008a800000| Untracked 
| 141|0x000000008a900000, 0x000000008aa00000, 0x000000008aa00000|100%| O|  |TAMS 0x000000008a900000, 0x000000008a900000| Untracked 
| 142|0x000000008aa00000, 0x000000008ab00000, 0x000000008ab00000|100%| O|  |TAMS 0x000000008aa00000, 0x000000008aa00000| Untracked 
| 143|0x000000008ab00000, 0x000000008ac00000, 0x000000008ac00000|100%| O|  |TAMS 0x000000008ab00000, 0x000000008ab00000| Untracked 
| 144|0x000000008ac00000, 0x000000008ad00000, 0x000000008ad00000|100%| O|  |TAMS 0x000000008ac00000, 0x000000008ac00000| Untracked 
| 145|0x000000008ad00000, 0x000000008ae00000, 0x000000008ae00000|100%| O|  |TAMS 0x000000008ad00000, 0x000000008ad00000| Untracked 
| 146|0x000000008ae00000, 0x000000008af00000, 0x000000008af00000|100%| O|  |TAMS 0x000000008ae00000, 0x000000008ae00000| Untracked 
| 147|0x000000008af00000, 0x000000008b000000, 0x000000008b000000|100%| O|  |TAMS 0x000000008af00000, 0x000000008af00000| Untracked 
| 148|0x000000008b000000, 0x000000008b100000, 0x000000008b100000|100%| O|  |TAMS 0x000000008b000000, 0x000000008b000000| Untracked 
| 149|0x000000008b100000, 0x000000008b200000, 0x000000008b200000|100%| O|  |TAMS 0x000000008b100000, 0x000000008b100000| Untracked 

Card table byte_map: [0x000001ab181f0000,0x000001ab185f0000] _byte_map_base: 0x000001ab17de2000

Marking Bits (Prev, Next): (CMBitMap*) 0x000001ab000594a0, (CMBitMap*) 0x000001ab00059468
 Prev Bits: [0x000001ab1a980000, 0x000001ab1c910000)
 Next Bits: [0x000001ab189f0000, 0x000001ab1a980000)

Polling page: 0x000001ab00100000

Metaspace:

Usage:
  Non-class:     28.46 MB capacity,    28.08 MB ( 99%) used,   338.88 KB (  1%) free+waste,    54.25 KB ( <1%) overhead. 
      Class:      3.48 MB capacity,     3.27 MB ( 94%) used,   195.75 KB (  5%) free+waste,    22.69 KB ( <1%) overhead. 
       Both:     31.94 MB capacity,    31.35 MB ( 98%) used,   534.63 KB (  2%) free+waste,    76.94 KB ( <1%) overhead. 

Virtual space:
  Non-class space:       30.00 MB reserved,      28.67 MB ( 96%) committed 
      Class space:        1.00 GB reserved,       3.50 MB ( <1%) committed 
             Both:        1.03 GB reserved,      32.17 MB (  3%) committed 

Chunk freelists:
   Non-Class:  22.00 KB
       Class:  19.00 KB
        Both:  41.00 KB

MaxMetaspaceSize: 17179869184.00 GB
CompressedClassSpaceSize: 1.00 GB
Initial GC threshold: 20.80 MB
Current GC threshold: 35.08 MB
CDS: off

CodeHeap 'non-profiled nmethods': size=120064Kb used=2686Kb max_used=2686Kb free=117377Kb
 bounds [0x000001ab10280000, 0x000001ab10520000, 0x000001ab177c0000]
CodeHeap 'profiled nmethods': size=120000Kb used=10965Kb max_used=10965Kb free=109034Kb
 bounds [0x000001ab08d50000, 0x000001ab09810000, 0x000001ab10280000]
CodeHeap 'non-nmethods': size=5696Kb used=1197Kb max_used=1233Kb free=4498Kb
 bounds [0x000001ab087c0000, 0x000001ab08a30000, 0x000001ab08d50000]
 total_blobs=5421 nmethods=4956 adapters=377
 compilation: enabled
              stopped_count=0, restarted_count=0
 full_count=0

Compilation events (20 events):
Event: 27.742 Thread 0x000001ab1ef9e000 4966       3       com.sun.tools.javac.comp.Resolve::bestOf (20 bytes)
Event: 27.742 Thread 0x000001ab1ef9e000 nmethod 4966 0x000001ab09801390 code [0x000001ab09801560, 0x000001ab09801798]
Event: 27.742 Thread 0x000001ab1ef9e000 4967       3       com.sun.tools.javac.comp.Check::checkDisjoint (53 bytes)
Event: 27.743 Thread 0x000001ab1ef9e000 nmethod 4967 0x000001ab09801910 code [0x000001ab09801b80, 0x000001ab098024c8]
Event: 27.744 Thread 0x000001ab1ef9e000 4968       3       com.sun.tools.javac.code.Scope$ScopeImpl$2::hasNext (92 bytes)
Event: 27.744 Thread 0x000001ab1ef9e000 nmethod 4968 0x000001ab09802910 code [0x000001ab09802b00, 0x000001ab09802f98]
Event: 27.745 Thread 0x000001ab1ef9e000 4969       3       com.sun.tools.javac.code.Scope::getSymbolsByName (10 bytes)
Event: 27.745 Thread 0x000001ab1ef9e000 nmethod 4969 0x000001ab09803110 code [0x000001ab098032c0, 0x000001ab09803488]
Event: 27.745 Thread 0x000001ab1ef9e000 4970       3       com.sun.tools.javac.code.Type$ClassType::accept (9 bytes)
Event: 27.745 Thread 0x000001ab1ef9e000 nmethod 4970 0x000001ab09803510 code [0x000001ab098036c0, 0x000001ab09803888]
Event: 27.745 Thread 0x000001ab1ef9e000 4971       3       com.sun.tools.javac.code.Types$UnaryVisitor::visit (7 bytes)
Event: 27.745 Thread 0x000001ab1ef9e000 nmethod 4971 0x000001ab09803990 code [0x000001ab09803b40, 0x000001ab09803d08]
Event: 27.746 Thread 0x000001ab1ef9e000 4972       3       com.sun.tools.javac.code.Scope$ScopeImpl::getSymbolsByName (10 bytes)
Event: 27.746 Thread 0x000001ab1ef9e000 nmethod 4972 0x000001ab09803e10 code [0x000001ab09804000, 0x000001ab09804508]
Event: 27.746 Thread 0x000001ab1ef9e000 4973       3       com.sun.tools.javac.code.Scope$ScopeImpl$$Lambda$167/0x000000010035a440::iterator (20 bytes)
Event: 27.747 Thread 0x000001ab1ef9e000 nmethod 4973 0x000001ab09804710 code [0x000001ab098048e0, 0x000001ab09804b08]
Event: 27.747 Thread 0x000001ab1ef9e000 4974       3       com.sun.tools.javac.code.Scope::getSymbolsByName (9 bytes)
Event: 27.747 Thread 0x000001ab1ef9e000 nmethod 4974 0x000001ab09804c10 code [0x000001ab09804de0, 0x000001ab09805008]
Event: 27.749 Thread 0x000001ab1ef9e000 4976       3       com.sun.tools.javac.tree.JCTree$JCImport::getTag (4 bytes)
Event: 27.749 Thread 0x000001ab1ef9e000 nmethod 4976 0x000001ab09805110 code [0x000001ab098052c0, 0x000001ab098053d8]

GC Heap History (11 events):
Event: 3.604 GC heap before
{Heap before GC invocations=0 (full 0):
 garbage-first heap   total 131072K, used 14336K [0x0000000081c00000, 0x0000000100000000)
  region size 1024K, 14 young (14336K), 0 survivors (0K)
 Metaspace       used 11424K, capacity 11621K, committed 11648K, reserved 1060864K
  class space    used 1050K, capacity 1131K, committed 1152K, reserved 1048576K
}
Event: 3.740 GC heap after
{Heap after GC invocations=1 (full 0):
 garbage-first heap   total 131072K, used 3312K [0x0000000081c00000, 0x0000000100000000)
  region size 1024K, 2 young (2048K), 2 survivors (2048K)
 Metaspace       used 11424K, capacity 11621K, committed 11648K, reserved 1060864K
  class space    used 1050K, capacity 1131K, committed 1152K, reserved 1048576K
}
Event: 4.392 GC heap before
{Heap before GC invocations=1 (full 0):
 garbage-first heap   total 131072K, used 10480K [0x0000000081c00000, 0x0000000100000000)
  region size 1024K, 9 young (9216K), 2 survivors (2048K)
 Metaspace       used 13242K, capacity 13553K, committed 13696K, reserved 1060864K
  class space    used 1290K, capacity 1391K, committed 1408K, reserved 1048576K
}
Event: 4.399 GC heap after
{Heap after GC invocations=2 (full 0):
 garbage-first heap   total 131072K, used 3840K [0x0000000081c00000, 0x0000000100000000)
  region size 1024K, 1 young (1024K), 1 survivors (1024K)
 Metaspace       used 13242K, capacity 13553K, committed 13696K, reserved 1060864K
  class space    used 1290K, capacity 1391K, committed 1408K, reserved 1048576K
}
Event: 5.684 GC heap before
{Heap before GC invocations=2 (full 0):
 garbage-first heap   total 131072K, used 27392K [0x0000000081c00000, 0x0000000100000000)
  region size 1024K, 25 young (25600K), 1 survivors (1024K)
 Metaspace       used 15587K, capacity 15840K, committed 16000K, reserved 1062912K
  class space    used 1581K, capacity 1658K, committed 1664K, reserved 1048576K
}
Event: 5.688 GC heap after
{Heap after GC invocations=3 (full 0):
 garbage-first heap   total 131072K, used 4683K [0x0000000081c00000, 0x0000000100000000)
  region size 1024K, 2 young (2048K), 2 survivors (2048K)
 Metaspace       used 15587K, capacity 15840K, committed 16000K, reserved 1062912K
  class space    used 1581K, capacity 1658K, committed 1664K, reserved 1048576K
}
Event: 9.749 GC heap before
{Heap before GC invocations=3 (full 0):
 garbage-first heap   total 131072K, used 38475K [0x0000000081c00000, 0x0000000100000000)
  region size 1024K, 36 young (36864K), 2 survivors (2048K)
 Metaspace       used 20839K, capacity 21134K, committed 21296K, reserved 1069056K
  class space    used 2182K, capacity 2322K, committed 2432K, reserved 1048576K
}
Event: 9.774 GC heap after
{Heap after GC invocations=4 (full 0):
 garbage-first heap   total 131072K, used 7467K [0x0000000081c00000, 0x0000000100000000)
  region size 1024K, 4 young (4096K), 4 survivors (4096K)
 Metaspace       used 20839K, capacity 21134K, committed 21296K, reserved 1069056K
  class space    used 2182K, capacity 2322K, committed 2432K, reserved 1048576K
}
Event: 17.418 GC heap before
{Heap before GC invocations=5 (full 0):
 garbage-first heap   total 131072K, used 81195K [0x0000000081c00000, 0x0000000100000000)
  region size 1024K, 76 young (77824K), 4 survivors (4096K)
 Metaspace       used 22365K, capacity 22763K, committed 23088K, reserved 1071104K
  class space    used 2257K, capacity 2369K, committed 2432K, reserved 1048576K
}
Event: 17.439 GC heap after
{Heap after GC invocations=6 (full 0):
 garbage-first heap   total 131072K, used 12217K [0x0000000081c00000, 0x0000000100000000)
  region size 1024K, 9 young (9216K), 9 survivors (9216K)
 Metaspace       used 22365K, capacity 22763K, committed 23088K, reserved 1071104K
  class space    used 2257K, capacity 2369K, committed 2432K, reserved 1048576K
}
Event: 27.772 GC heap before
{Heap before GC invocations=6 (full 0):
 garbage-first heap   total 131072K, used 128953K [0x0000000081c00000, 0x0000000100000000)
  region size 1024K, 73 young (74752K), 9 survivors (9216K)
 Metaspace       used 32099K, capacity 32711K, committed 32944K, reserved 1079296K
  class space    used 3346K, capacity 3565K, committed 3584K, reserved 1048576K
}

Deoptimization events (20 events):
Event: 26.404 Thread 0x000001ab0001a800 DEOPT PACKING pc=0x000001ab104d3580 sp=0x00000058cccfc6a0
Event: 26.404 Thread 0x000001ab0001a800 DEOPT UNPACKING pc=0x000001ab0880a1af sp=0x00000058cccfc638 mode 2
Event: 26.411 Thread 0x000001ab0001a800 Uncommon trap: trap_request=0xffffffde fr.pc=0x000001ab104d3580 relative=0x0000000000000060
Event: 26.411 Thread 0x000001ab0001a800 Uncommon trap: reason=class_check action=maybe_recompile pc=0x000001ab104d3580 method=java.nio.file.Files$AcceptAllFilter.accept(Ljava/lang/Object;)Z @ 2 c2
Event: 26.411 Thread 0x000001ab0001a800 DEOPT PACKING pc=0x000001ab104d3580 sp=0x00000058cccfc6a0
Event: 26.411 Thread 0x000001ab0001a800 DEOPT UNPACKING pc=0x000001ab0880a1af sp=0x00000058cccfc638 mode 2
Event: 26.462 Thread 0x000001ab0001a800 Uncommon trap: trap_request=0xffffffde fr.pc=0x000001ab104d3580 relative=0x0000000000000060
Event: 26.462 Thread 0x000001ab0001a800 Uncommon trap: reason=class_check action=maybe_recompile pc=0x000001ab104d3580 method=java.nio.file.Files$AcceptAllFilter.accept(Ljava/lang/Object;)Z @ 2 c2
Event: 26.462 Thread 0x000001ab0001a800 DEOPT PACKING pc=0x000001ab104d3580 sp=0x00000058cccfc6a0
Event: 26.462 Thread 0x000001ab0001a800 DEOPT UNPACKING pc=0x000001ab0880a1af sp=0x00000058cccfc638 mode 2
Event: 26.867 Thread 0x000001ab0001a800 Uncommon trap: trap_request=0xffffff4d fr.pc=0x000001ab104e09ac relative=0x0000000000000b4c
Event: 26.867 Thread 0x000001ab0001a800 Uncommon trap: reason=unstable_if action=reinterpret pc=0x000001ab104e09ac method=java.nio.file.FileTreeWalker.visit(Ljava/nio/file/Path;ZZ)Ljava/nio/file/FileTreeWalker$Event; @ 84 c2
Event: 26.867 Thread 0x000001ab0001a800 DEOPT PACKING pc=0x000001ab104e09ac sp=0x00000058cccfc8d0
Event: 26.867 Thread 0x000001ab0001a800 DEOPT UNPACKING pc=0x000001ab0880a1af sp=0x00000058cccfc8a0 mode 2
Event: 26.870 Thread 0x000001ab0001a800 DEOPT PACKING pc=0x000001ab0975750f sp=0x00000058cccfc930
Event: 26.870 Thread 0x000001ab0001a800 DEOPT UNPACKING pc=0x000001ab0880a95e sp=0x00000058cccfbe38 mode 0
Event: 27.250 Thread 0x000001ab0001a800 Uncommon trap: trap_request=0xffffff4d fr.pc=0x000001ab104e692c relative=0x000000000000016c
Event: 27.250 Thread 0x000001ab0001a800 Uncommon trap: reason=unstable_if action=reinterpret pc=0x000001ab104e692c method=java.nio.DirectByteBuffer.get([BII)Ljava/nio/ByteBuffer; @ 8 c2
Event: 27.250 Thread 0x000001ab0001a800 DEOPT PACKING pc=0x000001ab104e692c sp=0x00000058cccfbc70
Event: 27.250 Thread 0x000001ab0001a800 DEOPT UNPACKING pc=0x000001ab0880a1af sp=0x00000058cccfbc40 mode 2

Classes redefined (0 events):
No events

Internal exceptions (20 events):
Event: 27.732 Thread 0x000001ab0001a800 Exception <a 'sun/nio/fs/WindowsException'{0x00000000845b6230}> (0x00000000845b6230) thrown at [./src/hotspot/share/prims/jni.cpp, line 617]
Event: 27.732 Thread 0x000001ab0001a800 Exception <a 'sun/nio/fs/WindowsException'{0x00000000845b6588}> (0x00000000845b6588) thrown at [./src/hotspot/share/prims/jni.cpp, line 617]
Event: 27.732 Thread 0x000001ab0001a800 Exception <a 'sun/nio/fs/WindowsException'{0x00000000845b7ad8}> (0x00000000845b7ad8) thrown at [./src/hotspot/share/prims/jni.cpp, line 617]
Event: 27.732 Thread 0x000001ab0001a800 Exception <a 'sun/nio/fs/WindowsException'{0x00000000845b7eb8}> (0x00000000845b7eb8) thrown at [./src/hotspot/share/prims/jni.cpp, line 617]
Event: 27.733 Thread 0x000001ab0001a800 Exception <a 'sun/nio/fs/WindowsException'{0x00000000845ba510}> (0x00000000845ba510) thrown at [./src/hotspot/share/prims/jni.cpp, line 617]
Event: 27.733 Thread 0x000001ab0001a800 Exception <a 'sun/nio/fs/WindowsException'{0x00000000845ba870}> (0x00000000845ba870) thrown at [./src/hotspot/share/prims/jni.cpp, line 617]
Event: 27.734 Thread 0x000001ab0001a800 Exception <a 'sun/nio/fs/WindowsException'{0x00000000845c38d0}> (0x00000000845c38d0) thrown at [./src/hotspot/share/prims/jni.cpp, line 617]
Event: 27.734 Thread 0x000001ab0001a800 Exception <a 'sun/nio/fs/WindowsException'{0x00000000845c3be8}> (0x00000000845c3be8) thrown at [./src/hotspot/share/prims/jni.cpp, line 617]
Event: 27.736 Thread 0x000001ab0001a800 Exception <a 'sun/nio/fs/WindowsException'{0x00000000845db258}> (0x00000000845db258) thrown at [./src/hotspot/share/prims/jni.cpp, line 617]
Event: 27.736 Thread 0x000001ab0001a800 Exception <a 'sun/nio/fs/WindowsException'{0x00000000845db5b8}> (0x00000000845db5b8) thrown at [./src/hotspot/share/prims/jni.cpp, line 617]
Event: 27.736 Thread 0x000001ab0001a800 Exception <a 'sun/nio/fs/WindowsException'{0x00000000845dcb08}> (0x00000000845dcb08) thrown at [./src/hotspot/share/prims/jni.cpp, line 617]
Event: 27.737 Thread 0x000001ab0001a800 Exception <a 'sun/nio/fs/WindowsException'{0x00000000845dcef0}> (0x00000000845dcef0) thrown at [./src/hotspot/share/prims/jni.cpp, line 617]
Event: 27.739 Thread 0x000001ab0001a800 Exception <a 'sun/nio/fs/WindowsException'{0x00000000845df298}> (0x00000000845df298) thrown at [./src/hotspot/share/prims/jni.cpp, line 617]
Event: 27.739 Thread 0x000001ab0001a800 Exception <a 'sun/nio/fs/WindowsException'{0x00000000845df610}> (0x00000000845df610) thrown at [./src/hotspot/share/prims/jni.cpp, line 617]
Event: 27.739 Thread 0x000001ab0001a800 Exception <a 'sun/nio/fs/WindowsException'{0x00000000845e3a90}> (0x00000000845e3a90) thrown at [./src/hotspot/share/prims/jni.cpp, line 617]
Event: 27.739 Thread 0x000001ab0001a800 Exception <a 'sun/nio/fs/WindowsException'{0x00000000845e3db8}> (0x00000000845e3db8) thrown at [./src/hotspot/share/prims/jni.cpp, line 617]
Event: 27.740 Thread 0x000001ab0001a800 Exception <a 'sun/nio/fs/WindowsException'{0x00000000845eb988}> (0x00000000845eb988) thrown at [./src/hotspot/share/prims/jni.cpp, line 617]
Event: 27.740 Thread 0x000001ab0001a800 Exception <a 'sun/nio/fs/WindowsException'{0x00000000845ebcf8}> (0x00000000845ebcf8) thrown at [./src/hotspot/share/prims/jni.cpp, line 617]
Event: 27.741 Thread 0x000001ab0001a800 Exception <a 'sun/nio/fs/WindowsException'{0x00000000845ed250}> (0x00000000845ed250) thrown at [./src/hotspot/share/prims/jni.cpp, line 617]
Event: 27.741 Thread 0x000001ab0001a800 Exception <a 'sun/nio/fs/WindowsException'{0x00000000845ed640}> (0x00000000845ed640) thrown at [./src/hotspot/share/prims/jni.cpp, line 617]

Events (20 events):
Event: 27.508 loading class com/sun/tools/javac/code/TypeAnnotations done
Event: 27.509 loading class com/sun/tools/javac/comp/Env
Event: 27.509 loading class com/sun/tools/javac/comp/Env done
Event: 27.509 loading class com/sun/tools/javac/code/TypeAnnotations
Event: 27.509 loading class com/sun/tools/javac/code/TypeAnnotations done
Event: 27.511 loading class com/sun/tools/javac/code/Type
Event: 27.511 loading class com/sun/tools/javac/code/Type done
Event: 27.511 loading class com/sun/tools/javac/code/Type
Event: 27.511 loading class com/sun/tools/javac/code/Type done
Event: 27.512 loading class com/sun/tools/javac/code/Types$TypeMapping
Event: 27.512 loading class com/sun/tools/javac/code/Types$TypeMapping done
Event: 27.516 loading class com/sun/tools/javac/code/Symbol
Event: 27.516 loading class com/sun/tools/javac/code/Symbol done
Event: 27.516 loading class com/sun/tools/javac/util/Filter
Event: 27.516 loading class com/sun/tools/javac/util/Filter done
Event: 27.517 loading class com/sun/tools/javac/code/Symbol
Event: 27.517 loading class com/sun/tools/javac/code/Symbol done
Event: 27.517 loading class com/sun/tools/javac/code/Symbol
Event: 27.517 loading class com/sun/tools/javac/code/Symbol done
Event: 27.772 Executing VM operation: G1CollectForAllocation


Dynamic libraries:
0x00007ff7fb650000 - 0x00007ff7fb65d000 	C:\Users\HP\.jdks\corretto-11.0.17\bin\java.exe
0x00007ffd13550000 - 0x00007ffd13748000 	C:\WINDOWS\SYSTEM32\ntdll.dll
0x00007ffd12320000 - 0x00007ffd123df000 	C:\WINDOWS\System32\KERNEL32.DLL
0x00007ffd110b0000 - 0x00007ffd11382000 	C:\WINDOWS\System32\KERNELBASE.dll
0x00007ffd10d90000 - 0x00007ffd10e90000 	C:\WINDOWS\System32\ucrtbase.dll
0x00007ffcee6e0000 - 0x00007ffcee6f7000 	C:\Users\HP\.jdks\corretto-11.0.17\bin\jli.dll
0x00007ffd130b0000 - 0x00007ffd1324d000 	C:\WINDOWS\System32\USER32.dll
0x00007ffd114e0000 - 0x00007ffd11502000 	C:\WINDOWS\System32\win32u.dll
0x00007ffd12720000 - 0x00007ffd1274b000 	C:\WINDOWS\System32\GDI32.dll
0x00007ffd10c80000 - 0x00007ffd10d8f000 	C:\WINDOWS\System32\gdi32full.dll
0x00007ffd11440000 - 0x00007ffd114dd000 	C:\WINDOWS\System32\msvcp_win.dll
0x00007ffceca20000 - 0x00007ffceca39000 	C:\Users\HP\.jdks\corretto-11.0.17\bin\VCRUNTIME140.dll
0x00007ffcf6120000 - 0x00007ffcf63ba000 	C:\WINDOWS\WinSxS\amd64_microsoft.windows.common-controls_6595b64144ccf1df_6.0.19041.1110_none_60b5254171f9507e\COMCTL32.dll
0x00007ffd120d0000 - 0x00007ffd1216e000 	C:\WINDOWS\System32\msvcrt.dll
0x00007ffd12060000 - 0x00007ffd12092000 	C:\WINDOWS\System32\IMM32.DLL
0x00007ffccad30000 - 0x00007ffccadcb000 	C:\Users\HP\.jdks\corretto-11.0.17\bin\msvcp140.dll
0x00007ffcc3270000 - 0x00007ffcc3df5000 	C:\Users\HP\.jdks\corretto-11.0.17\bin\server\jvm.dll
0x00007ffd12670000 - 0x00007ffd1271e000 	C:\WINDOWS\System32\ADVAPI32.dll
0x00007ffd123e0000 - 0x00007ffd1247c000 	C:\WINDOWS\System32\sechost.dll
0x00007ffd12540000 - 0x00007ffd12665000 	C:\WINDOWS\System32\RPCRT4.dll
0x00007ffd13500000 - 0x00007ffd13508000 	C:\WINDOWS\System32\PSAPI.DLL
0x00007ffd03cb0000 - 0x00007ffd03cb9000 	C:\WINDOWS\SYSTEM32\WSOCK32.dll
0x00007ffd13490000 - 0x00007ffd134fb000 	C:\WINDOWS\System32\WS2_32.dll
0x00007ffcf8080000 - 0x00007ffcf80a7000 	C:\WINDOWS\SYSTEM32\WINMM.dll
0x00007ffd09a10000 - 0x00007ffd09a1a000 	C:\WINDOWS\SYSTEM32\VERSION.dll
0x00007ffd0ead0000 - 0x00007ffd0eae2000 	C:\WINDOWS\SYSTEM32\kernel.appcore.dll
0x00007ffcf7ff0000 - 0x00007ffcf8000000 	C:\Users\HP\.jdks\corretto-11.0.17\bin\verify.dll
0x00007ffd03240000 - 0x00007ffd03424000 	C:\WINDOWS\SYSTEM32\DBGHELP.DLL
0x00007ffcfcd20000 - 0x00007ffcfcd4c000 	C:\WINDOWS\SYSTEM32\dbgcore.DLL
0x00007ffd11510000 - 0x00007ffd11592000 	C:\WINDOWS\System32\bcryptPrimitives.dll
0x00007ffcdcd20000 - 0x00007ffcdcd48000 	C:\Users\HP\.jdks\corretto-11.0.17\bin\java.dll
0x00007ffcf5ee0000 - 0x00007ffcf5eea000 	C:\Users\HP\.jdks\corretto-11.0.17\bin\jimage.dll
0x00007ffd0c5f0000 - 0x00007ffd0c5fe000 	C:\Users\HP\.jdks\corretto-11.0.17\bin\instrument.dll
0x00007ffcebff0000 - 0x00007ffcec008000 	C:\Users\HP\.jdks\corretto-11.0.17\bin\zip.dll
0x00007ffd11910000 - 0x00007ffd12053000 	C:\WINDOWS\System32\SHELL32.dll
0x00007ffd0ecd0000 - 0x00007ffd0f462000 	C:\WINDOWS\SYSTEM32\windows.storage.dll
0x00007ffd12cd0000 - 0x00007ffd13024000 	C:\WINDOWS\System32\combase.dll
0x00007ffd105d0000 - 0x00007ffd10600000 	C:\WINDOWS\SYSTEM32\Wldp.dll
0x00007ffd12bc0000 - 0x00007ffd12c6d000 	C:\WINDOWS\System32\SHCORE.dll
0x00007ffd118b0000 - 0x00007ffd11905000 	C:\WINDOWS\System32\shlwapi.dll
0x00007ffd10b90000 - 0x00007ffd10baf000 	C:\WINDOWS\SYSTEM32\profapi.dll
0x00007ffce3210000 - 0x00007ffce3229000 	C:\Users\HP\.jdks\corretto-11.0.17\bin\net.dll
0x00007ffcfe070000 - 0x00007ffcfe17c000 	C:\WINDOWS\SYSTEM32\WINHTTP.dll
0x00007ffd10340000 - 0x00007ffd103aa000 	C:\WINDOWS\system32\mswsock.dll
0x00007ffce02d0000 - 0x00007ffce02e3000 	C:\Users\HP\.jdks\corretto-11.0.17\bin\nio.dll
0x00007ffd03d90000 - 0x00007ffd03daa000 	C:\Users\HP\AppData\Local\JetBrains\Toolbox\apps\IDEA-C\ch-0\222.4345.14\bin\breakgen64.dll
0x0000000069ac0000 - 0x0000000069ae4000 	C:\Users\HP\AppData\Local\Temp\jansi-2.4.0-e10b15342326e87a-jansi.dll

dbghelp: loaded successfully - version: 4.0.5 - missing functions: none
symbol engine: initialized successfully - sym options: 0x614 - pdb path: .;C:\Users\HP\.jdks\corretto-11.0.17\bin;C:\WINDOWS\SYSTEM32;C:\WINDOWS\WinSxS\amd64_microsoft.windows.common-controls_6595b64144ccf1df_6.0.19041.1110_none_60b5254171f9507e;C:\Users\HP\.jdks\corretto-11.0.17\bin\server;C:\Users\HP\AppData\Local\JetBrains\Toolbox\apps\IDEA-C\ch-0\222.4345.14\bin;C:\Users\HP\AppData\Local\Temp

VM Arguments:
jvm_args: -Dmaven.multiModuleProjectDirectory=E:\project files\Maven Backend\course14\s1\demopc -Dmaven.home=C:\Users\HP\.m2\wrapper\dists\apache-maven-3.8.6-bin\1ks0nkde5v1pk9vtc31i9d0lcd\apache-maven-3.8.6 -Dclassworlds.conf=C:\Users\HP\.m2\wrapper\dists\apache-maven-3.8.6-bin\1ks0nkde5v1pk9vtc31i9d0lcd\apache-maven-3.8.6\bin\m2.conf -Dmaven.ext.class.path=C:\Users\HP\AppData\Local\JetBrains\Toolbox\apps\IDEA-C\ch-0\222.4345.14\plugins\maven\lib\maven-event-listener.jar -javaagent:C:\Users\HP\AppData\Local\JetBrains\Toolbox\apps\IDEA-C\ch-0\222.4345.14\lib\idea_rt.jar=44422:C:\Users\HP\AppData\Local\JetBrains\Toolbox\apps\IDEA-C\ch-0\222.4345.14\bin -Dfile.encoding=UTF-8 
java_command: org.codehaus.classworlds.Launcher -Didea.version=2022.2.3 compile
java_class_path (initial): C:\Users\HP\.m2\wrapper\dists\apache-maven-3.8.6-bin\1ks0nkde5v1pk9vtc31i9d0lcd\apache-maven-3.8.6\boot\plexus-classworlds-2.6.0.jar;C:\Users\HP\.m2\wrapper\dists\apache-maven-3.8.6-bin\1ks0nkde5v1pk9vtc31i9d0lcd\apache-maven-3.8.6\boot\plexus-classworlds.license
Launcher Type: SUN_STANDARD

[Global flags]
     intx CICompilerCount                          = 3                                         {product} {ergonomic}
     uint ConcGCThreads                            = 1                                         {product} {ergonomic}
     uint G1ConcRefinementThreads                  = 4                                         {product} {ergonomic}
   size_t G1HeapRegionSize                         = 1048576                                   {product} {ergonomic}
    uintx GCDrainStackTargetSize                   = 64                                        {product} {ergonomic}
   size_t InitialHeapSize                          = 134217728                                 {product} {ergonomic}
   size_t MarkStackSize                            = 4194304                                   {product} {ergonomic}
   size_t MaxHeapSize                              = 2118123520                                {product} {ergonomic}
   size_t MaxNewSize                               = 1270874112                                {product} {ergonomic}
   size_t MinHeapDeltaBytes                        = 1048576                                   {product} {ergonomic}
    uintx NonNMethodCodeHeapSize                   = 5830732                                {pd product} {ergonomic}
    uintx NonProfiledCodeHeapSize                  = 122913754                              {pd product} {ergonomic}
    uintx ProfiledCodeHeapSize                     = 122913754                              {pd product} {ergonomic}
    uintx ReservedCodeCacheSize                    = 251658240                              {pd product} {ergonomic}
     bool SegmentedCodeCache                       = true                                      {product} {ergonomic}
     bool UseCompressedClassPointers               = true                                 {lp64_product} {ergonomic}
     bool UseCompressedOops                        = true                                 {lp64_product} {ergonomic}
     bool UseG1GC                                  = true                                      {product} {ergonomic}
     bool UseLargePagesIndividualAllocation        = false                                  {pd product} {ergonomic}

Logging:
Log output configuration:
 #0: stdout all=warning uptime,level,tags
 #1: stderr all=off uptime,level,tags

Environment Variables:
PATH=C:\Program Files\Common Files\Oracle\Java\javapath;C:\WINDOWS\system32;C:\WINDOWS;C:\WINDOWS\System32\Wbem;C:\WINDOWS\System32\WindowsPowerShell\v1.0\;C:\WINDOWS\System32\OpenSSH\;C:\Program Files\Git\cmd;C:\Program Files\dotnet\;C:\Program Files\MySQL\MySQL Server 8.0\bin;C:\Program Files\nodejs\;C:\Program Files\Docker\Docker\resources\bin;C:\Program Files\MySQL\MySQL Shell 8.0\bin\;C:\Users\HP\AppData\Local\Microsoft\WindowsApps;;C:\Users\HP\AppData\Local\JetBrains\Toolbox\scripts;C:\Users\HP\AppData\Local\Programs\Microsoft VS Code\bin;C:\Users\HP\AppData\Roaming\npm
USERNAME=HP
OS=Windows_NT
PROCESSOR_IDENTIFIER=Intel64 Family 6 Model 78 Stepping 3, GenuineIntel
TMP=C:\Users\HP\AppData\Local\Temp
TEMP=C:\Users\HP\AppData\Local\Temp



---------------  S Y S T E M  ---------------

OS: Windows 10 , 64 bit Build 19041 (10.0.19041.2251)
OS uptime: 0 days 10:22 hours
Hyper-V role detected

CPU:total 4 (initial active 4) (2 cores per cpu, 2 threads per core) family 6 model 78 stepping 3 microcode 0xcc, cmov, cx8, fxsr, mmx, sse, sse2, sse3, ssse3, sse4.1, sse4.2, popcnt, avx, avx2, aes, clmul, erms, rtm, 3dnowpref, lzcnt, ht, tsc, tscinvbit, bmi1, bmi2, adx, fma

Memory: 4k page, system-wide physical 8072M (248M free)
TotalPageFile size 13036M (AvailPageFile size 6M)
current process WorkingSet (physical memory assigned to process): 161M, peak: 207M
current process commit charge ("private bytes"): 282M, peak: 283M

vm_info: OpenJDK 64-Bit Server VM (11.0.17+8-LTS) for windows-amd64 JRE (11.0.17+8-LTS), built on Oct 14 2022 18:02:01 by "Administrator" with MS VC++ 15.9 (VS2017)

END.
